[23/10/2024| 15:53:40 GMT+0200 (heure d’été d’Europe centrale)] Serveur en cours d'exécution sur http://localhost:3000/
[23/10/2024| 16:48:00 GMT+0200 (heure d’été d’Europe centrale)] GET: /api/notes
[23/10/2024| 16:51:13 GMT+0200 (heure d’été d’Europe centrale)] Serveur en cours d'exécution sur http://localhost:3000/
[23/10/2024| 16:51:18 GMT+0200 (heure d’été d’Europe centrale)] GET: /
[23/10/2024| 16:51:18 GMT+0200 (heure d’été d’Europe centrale)] GET: /api/notes
[23/10/2024| 16:51:18 GMT+0200 (heure d’été d’Europe centrale)] GET: /favicon.ico
[23/10/2024| 16:51:18 GMT+0200 (heure d’été d’Europe centrale)] Erreur 415: Unsupported Media Type
[23/10/2024| 16:55:29 GMT+0200 (heure d’été d’Europe centrale)] Serveur en cours d'exécution sur http://localhost:3000/
[23/10/2024| 16:55:29 GMT+0200 (heure d’été d’Europe centrale)] GET: /api/notes
[23/10/2024| 16:55:32 GMT+0200 (heure d’été d’Europe centrale)] GET: /
[23/10/2024| 16:55:32 GMT+0200 (heure d’été d’Europe centrale)] GET: /api/notes
[23/10/2024| 16:55:32 GMT+0200 (heure d’été d’Europe centrale)] GET: /favicon.ico
[23/10/2024| 16:55:32 GMT+0200 (heure d’été d’Europe centrale)] Erreur 415: Unsupported Media Type
[23/10/2024| 16:56:18 GMT+0200 (heure d’été d’Europe centrale)] Serveur en cours d'exécution sur http://localhost:3000/
[23/10/2024| 16:56:18 GMT+0200 (heure d’été d’Europe centrale)] GET: /api/notes
[23/10/2024| 16:56:18 GMT+0200 (heure d’été d’Europe centrale)] Erreur: TypeError: fn is not a function
[23/10/2024| 16:56:22 GMT+0200 (heure d’été d’Europe centrale)] GET: /
[23/10/2024| 16:56:22 GMT+0200 (heure d’été d’Europe centrale)] GET: /api/notes
[23/10/2024| 16:56:22 GMT+0200 (heure d’été d’Europe centrale)] Erreur: TypeError: fn is not a function
[23/10/2024| 16:56:22 GMT+0200 (heure d’été d’Europe centrale)] GET: /favicon.ico
[23/10/2024| 16:56:22 GMT+0200 (heure d’été d’Europe centrale)] Erreur 415: Unsupported Media Type
[23/10/2024| 16:57:30 GMT+0200 (heure d’été d’Europe centrale)] Serveur en cours d'exécution sur http://localhost:3000/
[23/10/2024| 16:57:30 GMT+0200 (heure d’été d’Europe centrale)] GET: /api/notes
[23/10/2024| 16:57:30 GMT+0200 (heure d’été d’Europe centrale)] Erreur: TypeError: routes[route] is not a function
[23/10/2024| 16:57:33 GMT+0200 (heure d’été d’Europe centrale)] GET: /
[23/10/2024| 16:57:33 GMT+0200 (heure d’été d’Europe centrale)] GET: /api/notes
[23/10/2024| 16:57:33 GMT+0200 (heure d’été d’Europe centrale)] Erreur: TypeError: routes[route] is not a function
[23/10/2024| 16:57:33 GMT+0200 (heure d’été d’Europe centrale)] GET: /favicon.ico
[23/10/2024| 16:57:33 GMT+0200 (heure d’été d’Europe centrale)] Erreur 415: Unsupported Media Type
[23/10/2024| 16:58:25 GMT+0200 (heure d’été d’Europe centrale)] Serveur en cours d'exécution sur http://localhost:3000/
[23/10/2024| 16:58:25 GMT+0200 (heure d’été d’Europe centrale)] GET: /api/notes
[23/10/2024| 16:58:25 GMT+0200 (heure d’été d’Europe centrale)] Erreur: TypeError: routes[route] is not a function
[23/10/2024| 16:58:29 GMT+0200 (heure d’été d’Europe centrale)] GET: /
[23/10/2024| 16:58:29 GMT+0200 (heure d’été d’Europe centrale)] GET: /api/notes
[23/10/2024| 16:58:29 GMT+0200 (heure d’été d’Europe centrale)] Erreur: TypeError: routes[route] is not a function
[23/10/2024| 16:58:29 GMT+0200 (heure d’été d’Europe centrale)] Erreur 415: Unsupported Media Type
[23/10/2024| 16:58:29 GMT+0200 (heure d’été d’Europe centrale)] GET: /favicon.ico
[23/10/2024| 16:59:45 GMT+0200 (heure d’été d’Europe centrale)] Serveur en cours d'exécution sur http://localhost:3000/
[23/10/2024| 16:59:45 GMT+0200 (heure d’été d’Europe centrale)] GET: /api/notes
[23/10/2024| 17:00:52 GMT+0200 (heure d’été d’Europe centrale)] Serveur en cours d'exécution sur http://localhost:3000/
[23/10/2024| 17:01:01 GMT+0200 (heure d’été d’Europe centrale)] GET: /
[23/10/2024| 17:01:01 GMT+0200 (heure d’été d’Europe centrale)] GET: /api/notes
[23/10/2024| 17:01:01 GMT+0200 (heure d’été d’Europe centrale)] GET: /favicon.ico
[23/10/2024| 17:01:01 GMT+0200 (heure d’été d’Europe centrale)] Erreur 415: Unsupported Media Type
